
> portfolio@0.1.0 build
> next build

▲ Next.js 16.2.4 (Turbopack)
- Environments: .env.local

  Creating an optimized production build ...
✓ Compiled successfully in 6.9s
  Running TypeScript ...
  Finished TypeScript in 4.6s ...
  Collecting page data using 27 workers ...
⚠ Using edge runtime on a page currently disables static generation for that page
  Generating static pages using 27 workers (0/106) ...
⚠ metadataBase property in metadata export is not set for resolving social open graph or twitter images, using "http://localhost:3000". See https://nextjs.org/docs/app/api-reference/functions/generate-metadata#metadatabase
⚠ metadataBase property in metadata export is not set for resolving social open graph or twitter images, using "http://localhost:3000". See https://nextjs.org/docs/app/api-reference/functions/generate-metadata#metadatabase
⚠ metadataBase property in metadata export is not set for resolving social open graph or twitter images, using "http://localhost:3000". See https://nextjs.org/docs/app/api-reference/functions/generate-metadata#metadatabase
⚠ metadataBase property in metadata export is not set for resolving social open graph or twitter images, using "http://localhost:3000". See https://nextjs.org/docs/app/api-reference/functions/generate-metadata#metadatabase
⚠ metadataBase property in metadata export is not set for resolving social open graph or twitter images, using "http://localhost:3000". See https://nextjs.org/docs/app/api-reference/functions/generate-metadata#metadatabase
  Generating static pages using 27 workers (26/106) 
[bvb] FOOTBALL_DATA_TOKEN (or BVB_API_TOKEN) not set — falling back to mock data. Set FOOTBALL_DATA_TOKEN in Vercel to enable the live feed.
  Generating static pages using 27 workers (52/106) 
  Generating static pages using 27 workers (79/106) 
✓ Generating static pages using 27 workers (106/106) in 2.3s
  Finalizing page optimization ...

Route (app)
┌ ○ /_not-found
├ ƒ /[locale]
├ ƒ /[locale]/contact
├ ● /[locale]/my-story
│ ├ /en/my-story
│ └ /da/my-story
├ ƒ /-/my-story/opengraph-image
├ ● /[locale]/now
│ ├ /en/now
│ └ /da/now
├ ƒ /-/now/opengraph-image
├ ● /[locale]/personal
│ ├ /en/personal
│ └ /da/personal
├ ƒ /-/personal/opengraph-image
├ ● /[locale]/recommends
│ ├ /en/recommends
│ └ /da/recommends
├ ● /[locale]/recommends/[slug]
│ ├ /en/recommends/oneplus-11
│ └ /da/recommends/oneplus-11
├ ƒ /-/recommends/-/opengraph-image
├ ƒ /[locale]/search
├ ● /[locale]/travel
│ ├ /en/travel
│ └ /da/travel
├ ● /[locale]/travel/[slug]
├ ƒ /-/travel/-/opengraph-image
├ ● /[locale]/travel/culinary
│ ├ /en/travel/culinary
│ └ /da/travel/culinary
├ ƒ /-/travel/culinary/opengraph-image
├ ● /[locale]/travel/photos/[slug]
│ ├ /en/travel/photos/germany-2026-03
│ ├ /en/travel/photos/austria-2026-03
│ ├ /en/travel/photos/italy-2026-03
│ └ [+53 more paths]
├ ƒ /-/travel/photos/-/opengraph-image
├ ƒ /[locale]/work
├ ● /[locale]/work/[slug]
│ ├ /en/work/kombit-valg
│ ├ /en/work/greenbyte-saas
│ ├ /en/work/boozt
│ └ [+5 more paths]
├ ƒ /-/work/-/opengraph-image
├ ƒ /-/work/opengraph-image
├ ƒ /[locale]/writing
├ ● /[locale]/writing/[slug]
│ ├ /en/writing/three-tier-thinking
│ ├ /en/writing/conceptualization-of-an-audit-management-system
│ ├ /en/writing/digitalization-of-waste-collection-feral-systems
│ └ [+3 more paths]
├ ƒ /-/writing/-/opengraph-image
├ ƒ /admin/stats
├ ƒ /admin/unlock
├ ● /api/search-index/[locale]
│ ├ /api/search-index/en
│ └ /api/search-index/da
├ ƒ /api/track
├ ○ /icon.svg
├ ○ /manifest.webmanifest
├ ƒ /opengraph-image
├ ○ /privacy
├ ○ /robots.txt
├ ○ /sitemap.xml
├ ƒ /twitter-image
└ ƒ /writing/rss.xml


ƒ Proxy (Middleware)

○  (Static)   prerendered as static content
●  (SSG)      prerendered as static HTML (uses generateStaticParams)
ƒ  (Dynamic)  server-rendered on demand

EXIT=0
