# g-poze-huawei-reorg log — TSV: timestamp	old_path	new_path	filename	year	detection
# run start 2026-04-29T06:26:50.856Z dryRun=false
2026-04-29T06:26:50.899Z	G:\Poze\Poze Huawei\IMG_20180207_093337.jpg	G:\Poze\2018\IMG_20180207_093337.jpg	IMG_20180207_093337.jpg	2018	pattern:IMG_YYYYMMDD_HHMMSS
2026-04-29T06:26:50.931Z	G:\Poze\Poze Huawei\IMG_20170120_125646.jpg	G:\Poze\2017\IMG_20170120_125646.jpg	IMG_20170120_125646.jpg	2017	pattern:IMG_YYYYMMDD_HHMMSS
2026-04-29T06:26:50.941Z	G:\Poze\Poze Huawei\IMG_20170122_123612.jpg	G:\Poze\2017\IMG_20170122_123612.jpg	IMG_20170122_123612.jpg	2017	pattern:IMG_YYYYMMDD_HHMMSS
2026-04-29T06:26:50.950Z	G:\Poze\Poze Huawei\IMG_20170122_123616.jpg	G:\Poze\2017\IMG_20170122_123616.jpg	IMG_20170122_123616.jpg	2017	pattern:IMG_YYYYMMDD_HHMMSS
2026-04-29T06:26:50.959Z	G:\Poze\Poze Huawei\IMG_20170124_002603.jpg	G:\Poze\2017\IMG_20170124_002603.jpg	IMG_20170124_002603.jpg	2017	pattern:IMG_YYYYMMDD_HHMMSS
2026-04-29T06:26:50.970Z	G:\Poze\Poze Huawei\IMG_20170124_143312.jpg	G:\Poze\2017\IMG_20170124_143312.jpg	IMG_20170124_143312.jpg	2017	pattern:IMG_YYYYMMDD_HHMMSS
2026-04-29T06:26:50.980Z	G:\Poze\Poze Huawei\IMG_20170124_143316.jpg	G:\Poze\2017\IMG_20170124_143316.jpg	IMG_20170124_143316.jpg	2017	pattern:IMG_YYYYMMDD_HHMMSS
2026-04-29T06:26:50.992Z	G:\Poze\Poze Huawei\IMG_20170124_143319.jpg	G:\Poze\2017\IMG_20170124_143319.jpg	IMG_20170124_143319.jpg	2017	pattern:IMG_YYYYMMDD_HHMMSS
2026-04-29T06:26:51.001Z	G:\Poze\Poze Huawei\IMG_20170124_143324.jpg	G:\Poze\2017\IMG_20170124_143324.jpg	IMG_20170124_143324.jpg	2017	pattern:IMG_YYYYMMDD_HHMMSS
2026-04-29T06:26:51.010Z	G:\Poze\Poze Huawei\IMG_20170124_143327.jpg	G:\Poze\2017\IMG_20170124_143327.jpg	IMG_20170124_143327.jpg	2017	pattern:IMG_YYYYMMDD_HHMMSS
2026-04-29T06:26:51.020Z	G:\Poze\Poze Huawei\IMG_20170124_143337.jpg	G:\Poze\2017\IMG_20170124_143337.jpg	IMG_20170124_143337.jpg	2017	pattern:IMG_YYYYMMDD_HHMMSS
2026-04-29T06:26:51.032Z	G:\Poze\Poze Huawei\IMG_20170124_143344.jpg	G:\Poze\2017\IMG_20170124_143344.jpg	IMG_20170124_143344.jpg	2017	pattern:IMG_YYYYMMDD_HHMMSS
2026-04-29T06:26:51.045Z	G:\Poze\Poze Huawei\IMG_20170124_143349.jpg	G:\Poze\2017\IMG_20170124_143349.jpg	IMG_20170124_143349.jpg	2017	pattern:IMG_YYYYMMDD_HHMMSS
2026-04-29T06:26:51.055Z	G:\Poze\Poze Huawei\IMG_20170124_143354.jpg	G:\Poze\2017\IMG_20170124_143354.jpg	IMG_20170124_143354.jpg	2017	pattern:IMG_YYYYMMDD_HHMMSS
2026-04-29T06:26:51.063Z	G:\Poze\Poze Huawei\IMG_20170124_143357.jpg	G:\Poze\2017\IMG_20170124_143357.jpg	IMG_20170124_143357.jpg	2017	pattern:IMG_YYYYMMDD_HHMMSS
2026-04-29T06:26:51.073Z	G:\Poze\Poze Huawei\IMG_20170124_143403.jpg	G:\Poze\2017\IMG_20170124_143403.jpg	IMG_20170124_143403.jpg	2017	pattern:IMG_YYYYMMDD_HHMMSS
2026-04-29T06:26:51.081Z	G:\Poze\Poze Huawei\IMG_20170124_143417.jpg	G:\Poze\2017\IMG_20170124_143417.jpg	IMG_20170124_143417.jpg	2017	pattern:IMG_YYYYMMDD_HHMMSS
2026-04-29T06:26:51.094Z	G:\Poze\Poze Huawei\IMG_20170124_143421.jpg	G:\Poze\2017\IMG_20170124_143421.jpg	IMG_20170124_143421.jpg	2017	pattern:IMG_YYYYMMDD_HHMMSS
2026-04-29T06:26:51.104Z	G:\Poze\Poze Huawei\IMG_20170124_143428.jpg	G:\Poze\2017\IMG_20170124_143428.jpg	IMG_20170124_143428.jpg	2017	pattern:IMG_YYYYMMDD_HHMMSS
2026-04-29T06:26:51.115Z	G:\Poze\Poze Huawei\IMG_20170124_143437.jpg	G:\Poze\2017\IMG_20170124_143437.jpg	IMG_20170124_143437.jpg	2017	pattern:IMG_YYYYMMDD_HHMMSS
2026-04-29T06:26:51.126Z	G:\Poze\Poze Huawei\IMG_20170124_143450.jpg	G:\Poze\2017\IMG_20170124_143450.jpg	IMG_20170124_143450.jpg	2017	pattern:IMG_YYYYMMDD_HHMMSS
2026-04-29T06:26:51.136Z	G:\Poze\Poze Huawei\IMG_20170124_143504.jpg	G:\Poze\2017\IMG_20170124_143504.jpg	IMG_20170124_143504.jpg	2017	pattern:IMG_YYYYMMDD_HHMMSS
2026-04-29T06:26:51.146Z	G:\Poze\Poze Huawei\IMG_20170124_143507.jpg	G:\Poze\2017\IMG_20170124_143507.jpg	IMG_20170124_143507.jpg	2017	pattern:IMG_YYYYMMDD_HHMMSS
2026-04-29T06:26:51.156Z	G:\Poze\Poze Huawei\IMG_20170124_143517_1.jpg	G:\Poze\2017\IMG_20170124_143517_1.jpg	IMG_20170124_143517_1.jpg	2017	pattern:IMG_YYYYMMDD_HHMMSS
2026-04-29T06:26:51.166Z	G:\Poze\Poze Huawei\IMG_20170124_143533.jpg	G:\Poze\2017\IMG_20170124_143533.jpg	IMG_20170124_143533.jpg	2017	pattern:IMG_YYYYMMDD_HHMMSS
2026-04-29T06:26:51.177Z	G:\Poze\Poze Huawei\IMG_20170124_143551.jpg	G:\Poze\2017\IMG_20170124_143551.jpg	IMG_20170124_143551.jpg	2017	pattern:IMG_YYYYMMDD_HHMMSS
2026-04-29T06:26:51.187Z	G:\Poze\Poze Huawei\IMG_20170124_143603.jpg	G:\Poze\2017\IMG_20170124_143603.jpg	IMG_20170124_143603.jpg	2017	pattern:IMG_YYYYMMDD_HHMMSS
2026-04-29T06:26:51.198Z	G:\Poze\Poze Huawei\IMG_20170124_143619.jpg	G:\Poze\2017\IMG_20170124_143619.jpg	IMG_20170124_143619.jpg	2017	pattern:IMG_YYYYMMDD_HHMMSS
2026-04-29T06:26:51.208Z	G:\Poze\Poze Huawei\IMG_20170124_143704.jpg	G:\Poze\2017\IMG_20170124_143704.jpg	IMG_20170124_143704.jpg	2017	pattern:IMG_YYYYMMDD_HHMMSS
2026-04-29T06:26:51.219Z	G:\Poze\Poze Huawei\IMG_20170124_143711.jpg	G:\Poze\2017\IMG_20170124_143711.jpg	IMG_20170124_143711.jpg	2017	pattern:IMG_YYYYMMDD_HHMMSS
2026-04-29T06:26:51.230Z	G:\Poze\Poze Huawei\IMG_20170124_143725.jpg	G:\Poze\2017\IMG_20170124_143725.jpg	IMG_20170124_143725.jpg	2017	pattern:IMG_YYYYMMDD_HHMMSS
2026-04-29T06:26:51.239Z	G:\Poze\Poze Huawei\IMG_20170124_143727.jpg	G:\Poze\2017\IMG_20170124_143727.jpg	IMG_20170124_143727.jpg	2017	pattern:IMG_YYYYMMDD_HHMMSS
2026-04-29T06:26:51.251Z	G:\Poze\Poze Huawei\IMG_20170124_143737.jpg	G:\Poze\2017\IMG_20170124_143737.jpg	IMG_20170124_143737.jpg	2017	pattern:IMG_YYYYMMDD_HHMMSS
2026-04-29T06:26:51.261Z	G:\Poze\Poze Huawei\IMG_20170124_143740.jpg	G:\Poze\2017\IMG_20170124_143740.jpg	IMG_20170124_143740.jpg	2017	pattern:IMG_YYYYMMDD_HHMMSS
2026-04-29T06:26:51.272Z	G:\Poze\Poze Huawei\IMG_20170124_143825.jpg	G:\Poze\2017\IMG_20170124_143825.jpg	IMG_20170124_143825.jpg	2017	pattern:IMG_YYYYMMDD_HHMMSS
2026-04-29T06:26:51.283Z	G:\Poze\Poze Huawei\IMG_20170125_181408.jpg	G:\Poze\2017\IMG_20170125_181408.jpg	IMG_20170125_181408.jpg	2017	pattern:IMG_YYYYMMDD_HHMMSS
2026-04-29T06:26:51.294Z	G:\Poze\Poze Huawei\IMG_20170126_201428.jpg	G:\Poze\2017\IMG_20170126_201428.jpg	IMG_20170126_201428.jpg	2017	pattern:IMG_YYYYMMDD_HHMMSS
2026-04-29T06:26:51.305Z	G:\Poze\Poze Huawei\IMG_20170127_142804.jpg	G:\Poze\2017\IMG_20170127_142804.jpg	IMG_20170127_142804.jpg	2017	pattern:IMG_YYYYMMDD_HHMMSS
2026-04-29T06:26:51.316Z	G:\Poze\Poze Huawei\IMG_20170127_150119.jpg	G:\Poze\2017\IMG_20170127_150119.jpg	IMG_20170127_150119.jpg	2017	pattern:IMG_YYYYMMDD_HHMMSS
2026-04-29T06:26:51.326Z	G:\Poze\Poze Huawei\IMG_20170127_150122.jpg	G:\Poze\2017\IMG_20170127_150122.jpg	IMG_20170127_150122.jpg	2017	pattern:IMG_YYYYMMDD_HHMMSS
2026-04-29T06:26:51.337Z	G:\Poze\Poze Huawei\IMG_20170127_150133.jpg	G:\Poze\2017\IMG_20170127_150133.jpg	IMG_20170127_150133.jpg	2017	pattern:IMG_YYYYMMDD_HHMMSS
2026-04-29T06:26:51.348Z	G:\Poze\Poze Huawei\IMG_20170127_150508.jpg	G:\Poze\2017\IMG_20170127_150508.jpg	IMG_20170127_150508.jpg	2017	pattern:IMG_YYYYMMDD_HHMMSS
2026-04-29T06:26:51.359Z	G:\Poze\Poze Huawei\IMG_20170127_165520.jpg	G:\Poze\2017\IMG_20170127_165520.jpg	IMG_20170127_165520.jpg	2017	pattern:IMG_YYYYMMDD_HHMMSS
2026-04-29T06:26:51.370Z	G:\Poze\Poze Huawei\IMG_20170128_163611.jpg	G:\Poze\2017\IMG_20170128_163611.jpg	IMG_20170128_163611.jpg	2017	pattern:IMG_YYYYMMDD_HHMMSS
2026-04-29T06:26:51.382Z	G:\Poze\Poze Huawei\IMG_20170128_210253.jpg	G:\Poze\2017\IMG_20170128_210253.jpg	IMG_20170128_210253.jpg	2017	pattern:IMG_YYYYMMDD_HHMMSS
2026-04-29T06:26:51.394Z	G:\Poze\Poze Huawei\IMG_20170129_224325.jpg	G:\Poze\2017\IMG_20170129_224325.jpg	IMG_20170129_224325.jpg	2017	pattern:IMG_YYYYMMDD_HHMMSS
2026-04-29T06:26:51.404Z	G:\Poze\Poze Huawei\IMG_20170201_145113.jpg	G:\Poze\2017\IMG_20170201_145113.jpg	IMG_20170201_145113.jpg	2017	pattern:IMG_YYYYMMDD_HHMMSS
2026-04-29T06:26:51.415Z	G:\Poze\Poze Huawei\IMG_20170202_150247.jpg	G:\Poze\2017\IMG_20170202_150247.jpg	IMG_20170202_150247.jpg	2017	pattern:IMG_YYYYMMDD_HHMMSS
2026-04-29T06:26:51.426Z	G:\Poze\Poze Huawei\IMG_20170208_192033.jpg	G:\Poze\2017\IMG_20170208_192033.jpg	IMG_20170208_192033.jpg	2017	pattern:IMG_YYYYMMDD_HHMMSS
2026-04-29T06:26:51.437Z	G:\Poze\Poze Huawei\IMG_20170212_134025.jpg	G:\Poze\2017\IMG_20170212_134025.jpg	IMG_20170212_134025.jpg	2017	pattern:IMG_YYYYMMDD_HHMMSS
2026-04-29T06:26:51.448Z	G:\Poze\Poze Huawei\IMG_20170212_134031.jpg	G:\Poze\2017\IMG_20170212_134031.jpg	IMG_20170212_134031.jpg	2017	pattern:IMG_YYYYMMDD_HHMMSS
2026-04-29T06:26:51.463Z	G:\Poze\Poze Huawei\IMG_20170212_134044.jpg	G:\Poze\2017\IMG_20170212_134044.jpg	IMG_20170212_134044.jpg	2017	pattern:IMG_YYYYMMDD_HHMMSS
2026-04-29T06:26:51.478Z	G:\Poze\Poze Huawei\IMG_20170212_135945.jpg	G:\Poze\2017\IMG_20170212_135945.jpg	IMG_20170212_135945.jpg	2017	pattern:IMG_YYYYMMDD_HHMMSS
2026-04-29T06:26:51.489Z	G:\Poze\Poze Huawei\IMG_20170212_140018.jpg	G:\Poze\2017\IMG_20170212_140018.jpg	IMG_20170212_140018.jpg	2017	pattern:IMG_YYYYMMDD_HHMMSS
2026-04-29T06:26:51.498Z	G:\Poze\Poze Huawei\IMG_20170213_105930.jpg	G:\Poze\2017\IMG_20170213_105930.jpg	IMG_20170213_105930.jpg	2017	pattern:IMG_YYYYMMDD_HHMMSS
2026-04-29T06:26:51.507Z	G:\Poze\Poze Huawei\IMG_20170213_105934.jpg	G:\Poze\2017\IMG_20170213_105934.jpg	IMG_20170213_105934.jpg	2017	pattern:IMG_YYYYMMDD_HHMMSS
2026-04-29T06:26:51.516Z	G:\Poze\Poze Huawei\IMG_20170215_121657.jpg	G:\Poze\2017\IMG_20170215_121657.jpg	IMG_20170215_121657.jpg	2017	pattern:IMG_YYYYMMDD_HHMMSS
2026-04-29T06:26:51.531Z	G:\Poze\Poze Huawei\IMG_20170215_121705.jpg	G:\Poze\2017\IMG_20170215_121705.jpg	IMG_20170215_121705.jpg	2017	pattern:IMG_YYYYMMDD_HHMMSS
2026-04-29T06:26:51.546Z	G:\Poze\Poze Huawei\IMG_20170215_121711.jpg	G:\Poze\2017\IMG_20170215_121711.jpg	IMG_20170215_121711.jpg	2017	pattern:IMG_YYYYMMDD_HHMMSS
2026-04-29T06:26:51.558Z	G:\Poze\Poze Huawei\IMG_20170301_114119.jpg	G:\Poze\2017\IMG_20170301_114119.jpg	IMG_20170301_114119.jpg	2017	pattern:IMG_YYYYMMDD_HHMMSS
2026-04-29T06:26:51.567Z	G:\Poze\Poze Huawei\IMG_20170303_103244.jpg	G:\Poze\2017\IMG_20170303_103244.jpg	IMG_20170303_103244.jpg	2017	pattern:IMG_YYYYMMDD_HHMMSS
2026-04-29T06:26:51.576Z	G:\Poze\Poze Huawei\IMG_20170303_103300.jpg	G:\Poze\2017\IMG_20170303_103300.jpg	IMG_20170303_103300.jpg	2017	pattern:IMG_YYYYMMDD_HHMMSS
2026-04-29T06:26:51.587Z	G:\Poze\Poze Huawei\IMG_20170307_171734.jpg	G:\Poze\2017\IMG_20170307_171734.jpg	IMG_20170307_171734.jpg	2017	pattern:IMG_YYYYMMDD_HHMMSS
2026-04-29T06:26:51.599Z	G:\Poze\Poze Huawei\IMG_20170308_171737.jpg	G:\Poze\2017\IMG_20170308_171737.jpg	IMG_20170308_171737.jpg	2017	pattern:IMG_YYYYMMDD_HHMMSS
2026-04-29T06:26:51.611Z	G:\Poze\Poze Huawei\IMG_20170308_171751.jpg	G:\Poze\2017\IMG_20170308_171751.jpg	IMG_20170308_171751.jpg	2017	pattern:IMG_YYYYMMDD_HHMMSS
2026-04-29T06:26:51.622Z	G:\Poze\Poze Huawei\IMG_20170308_171836.jpg	G:\Poze\2017\IMG_20170308_171836.jpg	IMG_20170308_171836.jpg	2017	pattern:IMG_YYYYMMDD_HHMMSS
2026-04-29T06:26:51.633Z	G:\Poze\Poze Huawei\IMG_20170311_170053.jpg	G:\Poze\2017\IMG_20170311_170053.jpg	IMG_20170311_170053.jpg	2017	pattern:IMG_YYYYMMDD_HHMMSS
2026-04-29T06:26:51.643Z	G:\Poze\Poze Huawei\IMG_20170311_170058.jpg	G:\Poze\2017\IMG_20170311_170058.jpg	IMG_20170311_170058.jpg	2017	pattern:IMG_YYYYMMDD_HHMMSS
2026-04-29T06:26:51.654Z	G:\Poze\Poze Huawei\IMG_20170311_170105.jpg	G:\Poze\2017\IMG_20170311_170105.jpg	IMG_20170311_170105.jpg	2017	pattern:IMG_YYYYMMDD_HHMMSS
2026-04-29T06:26:51.665Z	G:\Poze\Poze Huawei\IMG_20170311_170120.jpg	G:\Poze\2017\IMG_20170311_170120.jpg	IMG_20170311_170120.jpg	2017	pattern:IMG_YYYYMMDD_HHMMSS
2026-04-29T06:26:51.676Z	G:\Poze\Poze Huawei\IMG_20170311_170125.jpg	G:\Poze\2017\IMG_20170311_170125.jpg	IMG_20170311_170125.jpg	2017	pattern:IMG_YYYYMMDD_HHMMSS
2026-04-29T06:26:51.687Z	G:\Poze\Poze Huawei\IMG_20170311_170136.jpg	G:\Poze\2017\IMG_20170311_170136.jpg	IMG_20170311_170136.jpg	2017	pattern:IMG_YYYYMMDD_HHMMSS
2026-04-29T06:26:51.697Z	G:\Poze\Poze Huawei\IMG_20170311_170140.jpg	G:\Poze\2017\IMG_20170311_170140.jpg	IMG_20170311_170140.jpg	2017	pattern:IMG_YYYYMMDD_HHMMSS
2026-04-29T06:26:51.707Z	G:\Poze\Poze Huawei\IMG_20170314_122343.jpg	G:\Poze\2017\IMG_20170314_122343.jpg	IMG_20170314_122343.jpg	2017	pattern:IMG_YYYYMMDD_HHMMSS
2026-04-29T06:26:51.716Z	G:\Poze\Poze Huawei\IMG_20170314_122356.jpg	G:\Poze\2017\IMG_20170314_122356.jpg	IMG_20170314_122356.jpg	2017	pattern:IMG_YYYYMMDD_HHMMSS
2026-04-29T06:26:51.727Z	G:\Poze\Poze Huawei\IMG_20170314_122404.jpg	G:\Poze\2017\IMG_20170314_122404.jpg	IMG_20170314_122404.jpg	2017	pattern:IMG_YYYYMMDD_HHMMSS
2026-04-29T06:26:51.737Z	G:\Poze\Poze Huawei\IMG_20170314_122409.jpg	G:\Poze\2017\IMG_20170314_122409.jpg	IMG_20170314_122409.jpg	2017	pattern:IMG_YYYYMMDD_HHMMSS
2026-04-29T06:26:51.746Z	G:\Poze\Poze Huawei\IMG_20170314_122414.jpg	G:\Poze\2017\IMG_20170314_122414.jpg	IMG_20170314_122414.jpg	2017	pattern:IMG_YYYYMMDD_HHMMSS
2026-04-29T06:26:51.757Z	G:\Poze\Poze Huawei\IMG_20170315_085011.jpg	G:\Poze\2017\IMG_20170315_085011.jpg	IMG_20170315_085011.jpg	2017	pattern:IMG_YYYYMMDD_HHMMSS
2026-04-29T06:26:51.770Z	G:\Poze\Poze Huawei\IMG_20170318_153939.jpg	G:\Poze\2017\IMG_20170318_153939.jpg	IMG_20170318_153939.jpg	2017	pattern:IMG_YYYYMMDD_HHMMSS
2026-04-29T06:26:51.785Z	G:\Poze\Poze Huawei\IMG_20170318_153941.jpg	G:\Poze\2017\IMG_20170318_153941.jpg	IMG_20170318_153941.jpg	2017	pattern:IMG_YYYYMMDD_HHMMSS
2026-04-29T06:26:51.795Z	G:\Poze\Poze Huawei\IMG_20170318_153952.jpg	G:\Poze\2017\IMG_20170318_153952.jpg	IMG_20170318_153952.jpg	2017	pattern:IMG_YYYYMMDD_HHMMSS
2026-04-29T06:26:51.804Z	G:\Poze\Poze Huawei\IMG_20170318_154035.jpg	G:\Poze\2017\IMG_20170318_154035.jpg	IMG_20170318_154035.jpg	2017	pattern:IMG_YYYYMMDD_HHMMSS
2026-04-29T06:26:51.818Z	G:\Poze\Poze Huawei\IMG_20170318_154037.jpg	G:\Poze\2017\IMG_20170318_154037.jpg	IMG_20170318_154037.jpg	2017	pattern:IMG_YYYYMMDD_HHMMSS
2026-04-29T06:26:51.829Z	G:\Poze\Poze Huawei\IMG_20170318_154039.jpg	G:\Poze\2017\IMG_20170318_154039.jpg	IMG_20170318_154039.jpg	2017	pattern:IMG_YYYYMMDD_HHMMSS
2026-04-29T06:26:51.843Z	G:\Poze\Poze Huawei\IMG_20170330_004850.jpg	G:\Poze\2017\IMG_20170330_004850.jpg	IMG_20170330_004850.jpg	2017	pattern:IMG_YYYYMMDD_HHMMSS
2026-04-29T06:26:51.854Z	G:\Poze\Poze Huawei\IMG_20170331_095014.jpg	G:\Poze\2017\IMG_20170331_095014.jpg	IMG_20170331_095014.jpg	2017	pattern:IMG_YYYYMMDD_HHMMSS
2026-04-29T06:26:51.869Z	G:\Poze\Poze Huawei\IMG_20170331_095155.jpg	G:\Poze\2017\IMG_20170331_095155.jpg	IMG_20170331_095155.jpg	2017	pattern:IMG_YYYYMMDD_HHMMSS
2026-04-29T06:26:51.878Z	G:\Poze\Poze Huawei\IMG_20170331_095201.jpg	G:\Poze\2017\IMG_20170331_095201.jpg	IMG_20170331_095201.jpg	2017	pattern:IMG_YYYYMMDD_HHMMSS
2026-04-29T06:26:51.887Z	G:\Poze\Poze Huawei\IMG_20170412_141603.jpg	G:\Poze\2017\IMG_20170412_141603.jpg	IMG_20170412_141603.jpg	2017	pattern:IMG_YYYYMMDD_HHMMSS
2026-04-29T06:26:51.897Z	G:\Poze\Poze Huawei\IMG_20170412_141608.jpg	G:\Poze\2017\IMG_20170412_141608.jpg	IMG_20170412_141608.jpg	2017	pattern:IMG_YYYYMMDD_HHMMSS
2026-04-29T06:26:51.906Z	G:\Poze\Poze Huawei\IMG_20170412_141618.jpg	G:\Poze\2017\IMG_20170412_141618.jpg	IMG_20170412_141618.jpg	2017	pattern:IMG_YYYYMMDD_HHMMSS
2026-04-29T06:26:51.917Z	G:\Poze\Poze Huawei\IMG_20170412_141629.jpg	G:\Poze\2017\IMG_20170412_141629.jpg	IMG_20170412_141629.jpg	2017	pattern:IMG_YYYYMMDD_HHMMSS
2026-04-29T06:26:51.928Z	G:\Poze\Poze Huawei\IMG_20170412_141720.jpg	G:\Poze\2017\IMG_20170412_141720.jpg	IMG_20170412_141720.jpg	2017	pattern:IMG_YYYYMMDD_HHMMSS
2026-04-29T06:26:51.939Z	G:\Poze\Poze Huawei\IMG_20170412_141727.jpg	G:\Poze\2017\IMG_20170412_141727.jpg	IMG_20170412_141727.jpg	2017	pattern:IMG_YYYYMMDD_HHMMSS
2026-04-29T06:26:51.951Z	G:\Poze\Poze Huawei\IMG_20170416_174029.jpg	G:\Poze\2017\IMG_20170416_174029.jpg	IMG_20170416_174029.jpg	2017	pattern:IMG_YYYYMMDD_HHMMSS
2026-04-29T06:26:51.964Z	G:\Poze\Poze Huawei\IMG_20170420_220027.jpg	G:\Poze\2017\IMG_20170420_220027.jpg	IMG_20170420_220027.jpg	2017	pattern:IMG_YYYYMMDD_HHMMSS
2026-04-29T06:26:51.977Z	G:\Poze\Poze Huawei\IMG_20170420_220032.jpg	G:\Poze\2017\IMG_20170420_220032.jpg	IMG_20170420_220032.jpg	2017	pattern:IMG_YYYYMMDD_HHMMSS
2026-04-29T06:26:51.990Z	G:\Poze\Poze Huawei\IMG_20170420_220820.jpg	G:\Poze\2017\IMG_20170420_220820.jpg	IMG_20170420_220820.jpg	2017	pattern:IMG_YYYYMMDD_HHMMSS
2026-04-29T06:26:52.003Z	G:\Poze\Poze Huawei\IMG_20170420_220824.jpg	G:\Poze\2017\IMG_20170420_220824.jpg	IMG_20170420_220824.jpg	2017	pattern:IMG_YYYYMMDD_HHMMSS
2026-04-29T06:26:52.014Z	G:\Poze\Poze Huawei\IMG_20170420_220825.jpg	G:\Poze\2017\IMG_20170420_220825.jpg	IMG_20170420_220825.jpg	2017	pattern:IMG_YYYYMMDD_HHMMSS
2026-04-29T06:26:52.024Z	G:\Poze\Poze Huawei\IMG_20170426_154635.jpg	G:\Poze\2017\IMG_20170426_154635.jpg	IMG_20170426_154635.jpg	2017	pattern:IMG_YYYYMMDD_HHMMSS
2026-04-29T06:26:52.033Z	G:\Poze\Poze Huawei\IMG_20170429_150624.jpg	G:\Poze\2017\IMG_20170429_150624.jpg	IMG_20170429_150624.jpg	2017	pattern:IMG_YYYYMMDD_HHMMSS
2026-04-29T06:26:52.046Z	G:\Poze\Poze Huawei\IMG_20170502_150207.jpg	G:\Poze\2017\IMG_20170502_150207.jpg	IMG_20170502_150207.jpg	2017	pattern:IMG_YYYYMMDD_HHMMSS
2026-04-29T06:26:52.060Z	G:\Poze\Poze Huawei\IMG_20170502_150211.jpg	G:\Poze\2017\IMG_20170502_150211.jpg	IMG_20170502_150211.jpg	2017	pattern:IMG_YYYYMMDD_HHMMSS
2026-04-29T06:26:52.070Z	G:\Poze\Poze Huawei\IMG_20170517_181802.jpg	G:\Poze\2017\IMG_20170517_181802.jpg	IMG_20170517_181802.jpg	2017	pattern:IMG_YYYYMMDD_HHMMSS
2026-04-29T06:26:52.079Z	G:\Poze\Poze Huawei\IMG_20170517_181808.jpg	G:\Poze\2017\IMG_20170517_181808.jpg	IMG_20170517_181808.jpg	2017	pattern:IMG_YYYYMMDD_HHMMSS
2026-04-29T06:26:52.089Z	G:\Poze\Poze Huawei\IMG_20170517_181814.jpg	G:\Poze\2017\IMG_20170517_181814.jpg	IMG_20170517_181814.jpg	2017	pattern:IMG_YYYYMMDD_HHMMSS
2026-04-29T06:26:52.098Z	G:\Poze\Poze Huawei\IMG_20170517_181818.jpg	G:\Poze\2017\IMG_20170517_181818.jpg	IMG_20170517_181818.jpg	2017	pattern:IMG_YYYYMMDD_HHMMSS
2026-04-29T06:26:52.114Z	G:\Poze\Poze Huawei\IMG_20170517_183605.jpg	G:\Poze\2017\IMG_20170517_183605.jpg	IMG_20170517_183605.jpg	2017	pattern:IMG_YYYYMMDD_HHMMSS
2026-04-29T06:26:52.126Z	G:\Poze\Poze Huawei\IMG_20170517_183611.jpg	G:\Poze\2017\IMG_20170517_183611.jpg	IMG_20170517_183611.jpg	2017	pattern:IMG_YYYYMMDD_HHMMSS
2026-04-29T06:26:52.137Z	G:\Poze\Poze Huawei\IMG_20170517_183638.jpg	G:\Poze\2017\IMG_20170517_183638.jpg	IMG_20170517_183638.jpg	2017	pattern:IMG_YYYYMMDD_HHMMSS
2026-04-29T06:26:52.149Z	G:\Poze\Poze Huawei\IMG_20170518_220123.jpg	G:\Poze\2017\IMG_20170518_220123.jpg	IMG_20170518_220123.jpg	2017	pattern:IMG_YYYYMMDD_HHMMSS
2026-04-29T06:26:52.161Z	G:\Poze\Poze Huawei\IMG_20170604_133409.jpg	G:\Poze\2017\IMG_20170604_133409.jpg	IMG_20170604_133409.jpg	2017	pattern:IMG_YYYYMMDD_HHMMSS
2026-04-29T06:26:52.173Z	G:\Poze\Poze Huawei\IMG_20170625_201044.jpg	G:\Poze\2017\IMG_20170625_201044.jpg	IMG_20170625_201044.jpg	2017	pattern:IMG_YYYYMMDD_HHMMSS
2026-04-29T06:26:52.188Z	G:\Poze\Poze Huawei\IMG_20170625_201100.jpg	G:\Poze\2017\IMG_20170625_201100.jpg	IMG_20170625_201100.jpg	2017	pattern:IMG_YYYYMMDD_HHMMSS
2026-04-29T06:26:52.200Z	G:\Poze\Poze Huawei\IMG_20170625_201109.jpg	G:\Poze\2017\IMG_20170625_201109.jpg	IMG_20170625_201109.jpg	2017	pattern:IMG_YYYYMMDD_HHMMSS
2026-04-29T06:26:52.214Z	G:\Poze\Poze Huawei\IMG_20170625_201119.jpg	G:\Poze\2017\IMG_20170625_201119.jpg	IMG_20170625_201119.jpg	2017	pattern:IMG_YYYYMMDD_HHMMSS
2026-04-29T06:26:52.227Z	G:\Poze\Poze Huawei\IMG_20170727_182631.jpg	G:\Poze\2017\IMG_20170727_182631.jpg	IMG_20170727_182631.jpg	2017	pattern:IMG_YYYYMMDD_HHMMSS
2026-04-29T06:26:52.239Z	G:\Poze\Poze Huawei\IMG_20170727_182634.jpg	G:\Poze\2017\IMG_20170727_182634.jpg	IMG_20170727_182634.jpg	2017	pattern:IMG_YYYYMMDD_HHMMSS
2026-04-29T06:26:52.253Z	G:\Poze\Poze Huawei\IMG_20170727_202751.jpg	G:\Poze\2017\IMG_20170727_202751.jpg	IMG_20170727_202751.jpg	2017	pattern:IMG_YYYYMMDD_HHMMSS
2026-04-29T06:26:52.264Z	G:\Poze\Poze Huawei\IMG_20170727_202801.jpg	G:\Poze\2017\IMG_20170727_202801.jpg	IMG_20170727_202801.jpg	2017	pattern:IMG_YYYYMMDD_HHMMSS
2026-04-29T06:26:52.276Z	G:\Poze\Poze Huawei\IMG_20170805_181514.jpg	G:\Poze\2017\IMG_20170805_181514.jpg	IMG_20170805_181514.jpg	2017	pattern:IMG_YYYYMMDD_HHMMSS
2026-04-29T06:26:52.288Z	G:\Poze\Poze Huawei\IMG_20170806_194124.jpg	G:\Poze\2017\IMG_20170806_194124.jpg	IMG_20170806_194124.jpg	2017	pattern:IMG_YYYYMMDD_HHMMSS
2026-04-29T06:26:52.301Z	G:\Poze\Poze Huawei\IMG_20170816_083546.jpg	G:\Poze\2017\IMG_20170816_083546.jpg	IMG_20170816_083546.jpg	2017	pattern:IMG_YYYYMMDD_HHMMSS
2026-04-29T06:26:52.312Z	G:\Poze\Poze Huawei\IMG_20170816_083550.jpg	G:\Poze\2017\IMG_20170816_083550.jpg	IMG_20170816_083550.jpg	2017	pattern:IMG_YYYYMMDD_HHMMSS
2026-04-29T06:26:52.326Z	G:\Poze\Poze Huawei\IMG_20170821_110911.jpg	G:\Poze\2017\IMG_20170821_110911.jpg	IMG_20170821_110911.jpg	2017	pattern:IMG_YYYYMMDD_HHMMSS
2026-04-29T06:26:52.336Z	G:\Poze\Poze Huawei\IMG_20170822_135111.jpg	G:\Poze\2017\IMG_20170822_135111.jpg	IMG_20170822_135111.jpg	2017	pattern:IMG_YYYYMMDD_HHMMSS
2026-04-29T06:26:52.345Z	G:\Poze\Poze Huawei\IMG_20170822_135551.jpg	G:\Poze\2017\IMG_20170822_135551.jpg	IMG_20170822_135551.jpg	2017	pattern:IMG_YYYYMMDD_HHMMSS
2026-04-29T06:26:52.359Z	G:\Poze\Poze Huawei\IMG_20170822_135553.jpg	G:\Poze\2017\IMG_20170822_135553.jpg	IMG_20170822_135553.jpg	2017	pattern:IMG_YYYYMMDD_HHMMSS
2026-04-29T06:26:52.372Z	G:\Poze\Poze Huawei\IMG_20170822_135805.jpg	G:\Poze\2017\IMG_20170822_135805.jpg	IMG_20170822_135805.jpg	2017	pattern:IMG_YYYYMMDD_HHMMSS
2026-04-29T06:26:52.384Z	G:\Poze\Poze Huawei\IMG_20170822_135813.jpg	G:\Poze\2017\IMG_20170822_135813.jpg	IMG_20170822_135813.jpg	2017	pattern:IMG_YYYYMMDD_HHMMSS
2026-04-29T06:26:52.394Z	G:\Poze\Poze Huawei\IMG_20170822_135821.jpg	G:\Poze\2017\IMG_20170822_135821.jpg	IMG_20170822_135821.jpg	2017	pattern:IMG_YYYYMMDD_HHMMSS
2026-04-29T06:26:52.402Z	G:\Poze\Poze Huawei\IMG_20170906_014136.jpg	G:\Poze\2017\IMG_20170906_014136.jpg	IMG_20170906_014136.jpg	2017	pattern:IMG_YYYYMMDD_HHMMSS
2026-04-29T06:26:52.412Z	G:\Poze\Poze Huawei\IMG_20170916_182630.jpg	G:\Poze\2017\IMG_20170916_182630.jpg	IMG_20170916_182630.jpg	2017	pattern:IMG_YYYYMMDD_HHMMSS
2026-04-29T06:26:52.421Z	G:\Poze\Poze Huawei\IMG_20171118_201305.jpg	G:\Poze\2017\IMG_20171118_201305.jpg	IMG_20171118_201305.jpg	2017	pattern:IMG_YYYYMMDD_HHMMSS
2026-04-29T06:26:52.430Z	G:\Poze\Poze Huawei\IMG_20171203_175752.jpg	G:\Poze\2017\IMG_20171203_175752.jpg	IMG_20171203_175752.jpg	2017	pattern:IMG_YYYYMMDD_HHMMSS
2026-04-29T06:26:52.440Z	G:\Poze\Poze Huawei\IMG_20171203_175759.jpg	G:\Poze\2017\IMG_20171203_175759.jpg	IMG_20171203_175759.jpg	2017	pattern:IMG_YYYYMMDD_HHMMSS
2026-04-29T06:26:52.453Z	G:\Poze\Poze Huawei\IMG_20171215_223307.jpg	G:\Poze\2017\IMG_20171215_223307.jpg	IMG_20171215_223307.jpg	2017	pattern:IMG_YYYYMMDD_HHMMSS
2026-04-29T06:26:52.469Z	G:\Poze\Poze Huawei\IMG_20171215_223311.jpg	G:\Poze\2017\IMG_20171215_223311.jpg	IMG_20171215_223311.jpg	2017	pattern:IMG_YYYYMMDD_HHMMSS
2026-04-29T06:26:52.482Z	G:\Poze\Poze Huawei\IMG_20171221_100643.jpg	G:\Poze\2017\IMG_20171221_100643.jpg	IMG_20171221_100643.jpg	2017	pattern:IMG_YYYYMMDD_HHMMSS
2026-04-29T06:26:52.496Z	G:\Poze\Poze Huawei\IMG_20180101_135509.jpg	G:\Poze\2018\IMG_20180101_135509.jpg	IMG_20180101_135509.jpg	2018	pattern:IMG_YYYYMMDD_HHMMSS
2026-04-29T06:26:52.510Z	G:\Poze\Poze Huawei\IMG_20180101_135749.jpg	G:\Poze\2018\IMG_20180101_135749.jpg	IMG_20180101_135749.jpg	2018	pattern:IMG_YYYYMMDD_HHMMSS
2026-04-29T06:26:52.522Z	G:\Poze\Poze Huawei\IMG_20180101_135759.jpg	G:\Poze\2018\IMG_20180101_135759.jpg	IMG_20180101_135759.jpg	2018	pattern:IMG_YYYYMMDD_HHMMSS
2026-04-29T06:26:52.536Z	G:\Poze\Poze Huawei\IMG_20180101_135817.jpg	G:\Poze\2018\IMG_20180101_135817.jpg	IMG_20180101_135817.jpg	2018	pattern:IMG_YYYYMMDD_HHMMSS
2026-04-29T06:26:52.548Z	G:\Poze\Poze Huawei\IMG_20180106_123555.jpg	G:\Poze\2018\IMG_20180106_123555.jpg	IMG_20180106_123555.jpg	2018	pattern:IMG_YYYYMMDD_HHMMSS
2026-04-29T06:26:52.561Z	G:\Poze\Poze Huawei\IMG_20180106_123602.jpg	G:\Poze\2018\IMG_20180106_123602.jpg	IMG_20180106_123602.jpg	2018	pattern:IMG_YYYYMMDD_HHMMSS
2026-04-29T06:26:52.572Z	G:\Poze\Poze Huawei\IMG_20180124_010404.jpg	G:\Poze\2018\IMG_20180124_010404.jpg	IMG_20180124_010404.jpg	2018	pattern:IMG_YYYYMMDD_HHMMSS
2026-04-29T06:26:52.586Z	G:\Poze\Poze Huawei\IMG_20180124_010433.jpg	G:\Poze\2018\IMG_20180124_010433.jpg	IMG_20180124_010433.jpg	2018	pattern:IMG_YYYYMMDD_HHMMSS
2026-04-29T06:26:52.599Z	G:\Poze\Poze Huawei\IMG_20180124_010447.jpg	G:\Poze\2018\IMG_20180124_010447.jpg	IMG_20180124_010447.jpg	2018	pattern:IMG_YYYYMMDD_HHMMSS
2026-04-29T06:26:52.613Z	G:\Poze\Poze Huawei\IMG_20180124_010500.jpg	G:\Poze\2018\IMG_20180124_010500.jpg	IMG_20180124_010500.jpg	2018	pattern:IMG_YYYYMMDD_HHMMSS
2026-04-29T06:26:52.625Z	G:\Poze\Poze Huawei\IMG_20180124_010507.jpg	G:\Poze\2018\IMG_20180124_010507.jpg	IMG_20180124_010507.jpg	2018	pattern:IMG_YYYYMMDD_HHMMSS
2026-04-29T06:26:52.637Z	G:\Poze\Poze Huawei\IMG_20180124_010519.jpg	G:\Poze\2018\IMG_20180124_010519.jpg	IMG_20180124_010519.jpg	2018	pattern:IMG_YYYYMMDD_HHMMSS
2026-04-29T06:26:52.649Z	G:\Poze\Poze Huawei\IMG_20180124_010524.jpg	G:\Poze\2018\IMG_20180124_010524.jpg	IMG_20180124_010524.jpg	2018	pattern:IMG_YYYYMMDD_HHMMSS
2026-04-29T06:26:52.661Z	G:\Poze\Poze Huawei\IMG_20180124_010532.jpg	G:\Poze\2018\IMG_20180124_010532.jpg	IMG_20180124_010532.jpg	2018	pattern:IMG_YYYYMMDD_HHMMSS
2026-04-29T06:26:52.673Z	G:\Poze\Poze Huawei\IMG_20180124_010551.jpg	G:\Poze\2018\IMG_20180124_010551.jpg	IMG_20180124_010551.jpg	2018	pattern:IMG_YYYYMMDD_HHMMSS
2026-04-29T06:26:52.684Z	G:\Poze\Poze Huawei\IMG_20180124_010607.jpg	G:\Poze\2018\IMG_20180124_010607.jpg	IMG_20180124_010607.jpg	2018	pattern:IMG_YYYYMMDD_HHMMSS
2026-04-29T06:26:52.696Z	G:\Poze\Poze Huawei\IMG_20180124_010633.jpg	G:\Poze\2018\IMG_20180124_010633.jpg	IMG_20180124_010633.jpg	2018	pattern:IMG_YYYYMMDD_HHMMSS
2026-04-29T06:26:52.709Z	G:\Poze\Poze Huawei\IMG_20180124_010641.jpg	G:\Poze\2018\IMG_20180124_010641.jpg	IMG_20180124_010641.jpg	2018	pattern:IMG_YYYYMMDD_HHMMSS
2026-04-29T06:26:52.722Z	G:\Poze\Poze Huawei\IMG_20180124_010646.jpg	G:\Poze\2018\IMG_20180124_010646.jpg	IMG_20180124_010646.jpg	2018	pattern:IMG_YYYYMMDD_HHMMSS
2026-04-29T06:26:52.736Z	G:\Poze\Poze Huawei\IMG_20180124_010653.jpg	G:\Poze\2018\IMG_20180124_010653.jpg	IMG_20180124_010653.jpg	2018	pattern:IMG_YYYYMMDD_HHMMSS
2026-04-29T06:26:52.748Z	G:\Poze\Poze Huawei\IMG_20180124_010659.jpg	G:\Poze\2018\IMG_20180124_010659.jpg	IMG_20180124_010659.jpg	2018	pattern:IMG_YYYYMMDD_HHMMSS
2026-04-29T06:26:52.757Z	G:\Poze\Poze Huawei\IMG_20180124_010710.jpg	G:\Poze\2018\IMG_20180124_010710.jpg	IMG_20180124_010710.jpg	2018	pattern:IMG_YYYYMMDD_HHMMSS
2026-04-29T06:26:52.768Z	G:\Poze\Poze Huawei\IMG_20180124_010729.jpg	G:\Poze\2018\IMG_20180124_010729.jpg	IMG_20180124_010729.jpg	2018	pattern:IMG_YYYYMMDD_HHMMSS
2026-04-29T06:26:52.778Z	G:\Poze\Poze Huawei\IMG_20180124_010733.jpg	G:\Poze\2018\IMG_20180124_010733.jpg	IMG_20180124_010733.jpg	2018	pattern:IMG_YYYYMMDD_HHMMSS
2026-04-29T06:26:52.791Z	G:\Poze\Poze Huawei\IMG_20180124_010757.jpg	G:\Poze\2018\IMG_20180124_010757.jpg	IMG_20180124_010757.jpg	2018	pattern:IMG_YYYYMMDD_HHMMSS
2026-04-29T06:26:52.803Z	G:\Poze\Poze Huawei\IMG_20180124_010802.jpg	G:\Poze\2018\IMG_20180124_010802.jpg	IMG_20180124_010802.jpg	2018	pattern:IMG_YYYYMMDD_HHMMSS
2026-04-29T06:26:52.813Z	G:\Poze\Poze Huawei\IMG_20180124_010851.jpg	G:\Poze\2018\IMG_20180124_010851.jpg	IMG_20180124_010851.jpg	2018	pattern:IMG_YYYYMMDD_HHMMSS
2026-04-29T06:26:52.822Z	G:\Poze\Poze Huawei\IMG_20180124_010857.jpg	G:\Poze\2018\IMG_20180124_010857.jpg	IMG_20180124_010857.jpg	2018	pattern:IMG_YYYYMMDD_HHMMSS
2026-04-29T06:26:52.834Z	G:\Poze\Poze Huawei\IMG_20180124_010912.jpg	G:\Poze\2018\IMG_20180124_010912.jpg	IMG_20180124_010912.jpg	2018	pattern:IMG_YYYYMMDD_HHMMSS
2026-04-29T06:26:52.845Z	G:\Poze\Poze Huawei\IMG_20180124_010928.jpg	G:\Poze\2018\IMG_20180124_010928.jpg	IMG_20180124_010928.jpg	2018	pattern:IMG_YYYYMMDD_HHMMSS
2026-04-29T06:26:52.858Z	G:\Poze\Poze Huawei\IMG_20180124_010932.jpg	G:\Poze\2018\IMG_20180124_010932.jpg	IMG_20180124_010932.jpg	2018	pattern:IMG_YYYYMMDD_HHMMSS
2026-04-29T06:26:52.869Z	G:\Poze\Poze Huawei\IMG_20180124_010942.jpg	G:\Poze\2018\IMG_20180124_010942.jpg	IMG_20180124_010942.jpg	2018	pattern:IMG_YYYYMMDD_HHMMSS
2026-04-29T06:26:52.880Z	G:\Poze\Poze Huawei\IMG_20180124_010946.jpg	G:\Poze\2018\IMG_20180124_010946.jpg	IMG_20180124_010946.jpg	2018	pattern:IMG_YYYYMMDD_HHMMSS
2026-04-29T06:26:52.893Z	G:\Poze\Poze Huawei\IMG_20180124_010959.jpg	G:\Poze\2018\IMG_20180124_010959.jpg	IMG_20180124_010959.jpg	2018	pattern:IMG_YYYYMMDD_HHMMSS
2026-04-29T06:26:52.906Z	G:\Poze\Poze Huawei\IMG_20180124_011003.jpg	G:\Poze\2018\IMG_20180124_011003.jpg	IMG_20180124_011003.jpg	2018	pattern:IMG_YYYYMMDD_HHMMSS
2026-04-29T06:26:52.915Z	G:\Poze\Poze Huawei\IMG_20180124_011009.jpg	G:\Poze\2018\IMG_20180124_011009.jpg	IMG_20180124_011009.jpg	2018	pattern:IMG_YYYYMMDD_HHMMSS
2026-04-29T06:26:52.926Z	G:\Poze\Poze Huawei\IMG_20180124_011014.jpg	G:\Poze\2018\IMG_20180124_011014.jpg	IMG_20180124_011014.jpg	2018	pattern:IMG_YYYYMMDD_HHMMSS
2026-04-29T06:26:52.939Z	G:\Poze\Poze Huawei\IMG_20180124_011037.jpg	G:\Poze\2018\IMG_20180124_011037.jpg	IMG_20180124_011037.jpg	2018	pattern:IMG_YYYYMMDD_HHMMSS
2026-04-29T06:26:52.949Z	G:\Poze\Poze Huawei\IMG_20180124_011042.jpg	G:\Poze\2018\IMG_20180124_011042.jpg	IMG_20180124_011042.jpg	2018	pattern:IMG_YYYYMMDD_HHMMSS
2026-04-29T06:26:52.961Z	G:\Poze\Poze Huawei\IMG_20180124_011049.jpg	G:\Poze\2018\IMG_20180124_011049.jpg	IMG_20180124_011049.jpg	2018	pattern:IMG_YYYYMMDD_HHMMSS
2026-04-29T06:26:52.975Z	G:\Poze\Poze Huawei\IMG_20180124_011058.jpg	G:\Poze\2018\IMG_20180124_011058.jpg	IMG_20180124_011058.jpg	2018	pattern:IMG_YYYYMMDD_HHMMSS
2026-04-29T06:26:52.988Z	G:\Poze\Poze Huawei\IMG_20180124_011105.jpg	G:\Poze\2018\IMG_20180124_011105.jpg	IMG_20180124_011105.jpg	2018	pattern:IMG_YYYYMMDD_HHMMSS
2026-04-29T06:26:53.001Z	G:\Poze\Poze Huawei\IMG_20180129_101253.jpg	G:\Poze\2018\IMG_20180129_101253.jpg	IMG_20180129_101253.jpg	2018	pattern:IMG_YYYYMMDD_HHMMSS
2026-04-29T06:26:53.014Z	G:\Poze\Poze Huawei\IMG_20180131_080348.jpg	G:\Poze\2018\IMG_20180131_080348.jpg	IMG_20180131_080348.jpg	2018	pattern:IMG_YYYYMMDD_HHMMSS
2026-04-29T06:26:53.027Z	G:\Poze\Poze Huawei\IMG_20180131_080359.jpg	G:\Poze\2018\IMG_20180131_080359.jpg	IMG_20180131_080359.jpg	2018	pattern:IMG_YYYYMMDD_HHMMSS
2026-04-29T06:26:53.038Z	G:\Poze\Poze Huawei\IMG_20180131_080407.jpg	G:\Poze\2018\IMG_20180131_080407.jpg	IMG_20180131_080407.jpg	2018	pattern:IMG_YYYYMMDD_HHMMSS
2026-04-29T06:26:53.049Z	G:\Poze\Poze Huawei\IMG_20180131_080412.jpg	G:\Poze\2018\IMG_20180131_080412.jpg	IMG_20180131_080412.jpg	2018	pattern:IMG_YYYYMMDD_HHMMSS
2026-04-29T06:26:53.062Z	G:\Poze\Poze Huawei\IMG_20180131_080543.jpg	G:\Poze\2018\IMG_20180131_080543.jpg	IMG_20180131_080543.jpg	2018	pattern:IMG_YYYYMMDD_HHMMSS
2026-04-29T06:26:53.077Z	G:\Poze\Poze Huawei\IMG_20180131_093638.jpg	G:\Poze\2018\IMG_20180131_093638.jpg	IMG_20180131_093638.jpg	2018	pattern:IMG_YYYYMMDD_HHMMSS
2026-04-29T06:26:53.090Z	G:\Poze\Poze Huawei\IMG_20180131_093642.jpg	G:\Poze\2018\IMG_20180131_093642.jpg	IMG_20180131_093642.jpg	2018	pattern:IMG_YYYYMMDD_HHMMSS
2026-04-29T06:26:53.101Z	G:\Poze\Poze Huawei\IMG_20180131_093649.jpg	G:\Poze\2018\IMG_20180131_093649.jpg	IMG_20180131_093649.jpg	2018	pattern:IMG_YYYYMMDD_HHMMSS
2026-04-29T06:26:53.112Z	G:\Poze\Poze Huawei\IMG_20180131_093652.jpg	G:\Poze\2018\IMG_20180131_093652.jpg	IMG_20180131_093652.jpg	2018	pattern:IMG_YYYYMMDD_HHMMSS
2026-04-29T06:26:53.124Z	G:\Poze\Poze Huawei\IMG_20180131_093700.jpg	G:\Poze\2018\IMG_20180131_093700.jpg	IMG_20180131_093700.jpg	2018	pattern:IMG_YYYYMMDD_HHMMSS
2026-04-29T06:26:53.135Z	G:\Poze\Poze Huawei\IMG_20180131_093707.jpg	G:\Poze\2018\IMG_20180131_093707.jpg	IMG_20180131_093707.jpg	2018	pattern:IMG_YYYYMMDD_HHMMSS
2026-04-29T06:26:53.146Z	G:\Poze\Poze Huawei\IMG_20180131_093712.jpg	G:\Poze\2018\IMG_20180131_093712.jpg	IMG_20180131_093712.jpg	2018	pattern:IMG_YYYYMMDD_HHMMSS
2026-04-29T06:26:53.159Z	G:\Poze\Poze Huawei\IMG_20180131_093720.jpg	G:\Poze\2018\IMG_20180131_093720.jpg	IMG_20180131_093720.jpg	2018	pattern:IMG_YYYYMMDD_HHMMSS
2026-04-29T06:26:53.171Z	G:\Poze\Poze Huawei\IMG_20180131_093726.jpg	G:\Poze\2018\IMG_20180131_093726.jpg	IMG_20180131_093726.jpg	2018	pattern:IMG_YYYYMMDD_HHMMSS
2026-04-29T06:26:53.181Z	G:\Poze\Poze Huawei\IMG_20180131_093735.jpg	G:\Poze\2018\IMG_20180131_093735.jpg	IMG_20180131_093735.jpg	2018	pattern:IMG_YYYYMMDD_HHMMSS
2026-04-29T06:26:53.194Z	G:\Poze\Poze Huawei\IMG_20180131_093739.jpg	G:\Poze\2018\IMG_20180131_093739.jpg	IMG_20180131_093739.jpg	2018	pattern:IMG_YYYYMMDD_HHMMSS
2026-04-29T06:26:53.207Z	G:\Poze\Poze Huawei\IMG_20180131_093746.jpg	G:\Poze\2018\IMG_20180131_093746.jpg	IMG_20180131_093746.jpg	2018	pattern:IMG_YYYYMMDD_HHMMSS
2026-04-29T06:26:53.219Z	G:\Poze\Poze Huawei\IMG_20180131_093750.jpg	G:\Poze\2018\IMG_20180131_093750.jpg	IMG_20180131_093750.jpg	2018	pattern:IMG_YYYYMMDD_HHMMSS
2026-04-29T06:26:53.232Z	G:\Poze\Poze Huawei\IMG_20180131_093759.jpg	G:\Poze\2018\IMG_20180131_093759.jpg	IMG_20180131_093759.jpg	2018	pattern:IMG_YYYYMMDD_HHMMSS
2026-04-29T06:26:53.244Z	G:\Poze\Poze Huawei\IMG_20180131_093803.jpg	G:\Poze\2018\IMG_20180131_093803.jpg	IMG_20180131_093803.jpg	2018	pattern:IMG_YYYYMMDD_HHMMSS
2026-04-29T06:26:53.257Z	G:\Poze\Poze Huawei\IMG_20180131_093811.jpg	G:\Poze\2018\IMG_20180131_093811.jpg	IMG_20180131_093811.jpg	2018	pattern:IMG_YYYYMMDD_HHMMSS
2026-04-29T06:26:53.271Z	G:\Poze\Poze Huawei\IMG_20180131_093816.jpg	G:\Poze\2018\IMG_20180131_093816.jpg	IMG_20180131_093816.jpg	2018	pattern:IMG_YYYYMMDD_HHMMSS
2026-04-29T06:26:53.283Z	G:\Poze\Poze Huawei\IMG_20180131_093826.jpg	G:\Poze\2018\IMG_20180131_093826.jpg	IMG_20180131_093826.jpg	2018	pattern:IMG_YYYYMMDD_HHMMSS
2026-04-29T06:26:53.295Z	G:\Poze\Poze Huawei\IMG_20180202_091448.jpg	G:\Poze\2018\IMG_20180202_091448.jpg	IMG_20180202_091448.jpg	2018	pattern:IMG_YYYYMMDD_HHMMSS
2026-04-29T06:26:53.307Z	G:\Poze\Poze Huawei\IMG_20180202_104042.jpg	G:\Poze\2018\IMG_20180202_104042.jpg	IMG_20180202_104042.jpg	2018	pattern:IMG_YYYYMMDD_HHMMSS
2026-04-29T06:26:53.319Z	G:\Poze\Poze Huawei\IMG_20180202_104046.jpg	G:\Poze\2018\IMG_20180202_104046.jpg	IMG_20180202_104046.jpg	2018	pattern:IMG_YYYYMMDD_HHMMSS
2026-04-29T06:26:53.331Z	G:\Poze\Poze Huawei\IMG_20180202_104053.jpg	G:\Poze\2018\IMG_20180202_104053.jpg	IMG_20180202_104053.jpg	2018	pattern:IMG_YYYYMMDD_HHMMSS
2026-04-29T06:26:53.344Z	G:\Poze\Poze Huawei\IMG_20180202_104058.jpg	G:\Poze\2018\IMG_20180202_104058.jpg	IMG_20180202_104058.jpg	2018	pattern:IMG_YYYYMMDD_HHMMSS
2026-04-29T06:26:53.357Z	G:\Poze\Poze Huawei\IMG_20180202_104104.jpg	G:\Poze\2018\IMG_20180202_104104.jpg	IMG_20180202_104104.jpg	2018	pattern:IMG_YYYYMMDD_HHMMSS
2026-04-29T06:26:53.370Z	G:\Poze\Poze Huawei\IMG_20180202_104115.jpg	G:\Poze\2018\IMG_20180202_104115.jpg	IMG_20180202_104115.jpg	2018	pattern:IMG_YYYYMMDD_HHMMSS
2026-04-29T06:26:53.383Z	G:\Poze\Poze Huawei\IMG_20180202_104118.jpg	G:\Poze\2018\IMG_20180202_104118.jpg	IMG_20180202_104118.jpg	2018	pattern:IMG_YYYYMMDD_HHMMSS
2026-04-29T06:26:53.395Z	G:\Poze\Poze Huawei\IMG_20180202_104124.jpg	G:\Poze\2018\IMG_20180202_104124.jpg	IMG_20180202_104124.jpg	2018	pattern:IMG_YYYYMMDD_HHMMSS
2026-04-29T06:26:53.406Z	G:\Poze\Poze Huawei\IMG_20180202_104128.jpg	G:\Poze\2018\IMG_20180202_104128.jpg	IMG_20180202_104128.jpg	2018	pattern:IMG_YYYYMMDD_HHMMSS
2026-04-29T06:26:53.418Z	G:\Poze\Poze Huawei\IMG_20180202_104133.jpg	G:\Poze\2018\IMG_20180202_104133.jpg	IMG_20180202_104133.jpg	2018	pattern:IMG_YYYYMMDD_HHMMSS
2026-04-29T06:26:53.431Z	G:\Poze\Poze Huawei\IMG_20180202_104150.jpg	G:\Poze\2018\IMG_20180202_104150.jpg	IMG_20180202_104150.jpg	2018	pattern:IMG_YYYYMMDD_HHMMSS
2026-04-29T06:26:53.445Z	G:\Poze\Poze Huawei\IMG_20180202_104202.jpg	G:\Poze\2018\IMG_20180202_104202.jpg	IMG_20180202_104202.jpg	2018	pattern:IMG_YYYYMMDD_HHMMSS
2026-04-29T06:26:53.459Z	G:\Poze\Poze Huawei\IMG_20180202_104208.jpg	G:\Poze\2018\IMG_20180202_104208.jpg	IMG_20180202_104208.jpg	2018	pattern:IMG_YYYYMMDD_HHMMSS
2026-04-29T06:26:53.472Z	G:\Poze\Poze Huawei\IMG_20180202_104351.jpg	G:\Poze\2018\IMG_20180202_104351.jpg	IMG_20180202_104351.jpg	2018	pattern:IMG_YYYYMMDD_HHMMSS
2026-04-29T06:26:53.483Z	G:\Poze\Poze Huawei\IMG_20180202_104410.jpg	G:\Poze\2018\IMG_20180202_104410.jpg	IMG_20180202_104410.jpg	2018	pattern:IMG_YYYYMMDD_HHMMSS
2026-04-29T06:26:53.497Z	G:\Poze\Poze Huawei\IMG_20180202_104423.jpg	G:\Poze\2018\IMG_20180202_104423.jpg	IMG_20180202_104423.jpg	2018	pattern:IMG_YYYYMMDD_HHMMSS
2026-04-29T06:26:53.510Z	G:\Poze\Poze Huawei\IMG_20180202_104436.jpg	G:\Poze\2018\IMG_20180202_104436.jpg	IMG_20180202_104436.jpg	2018	pattern:IMG_YYYYMMDD_HHMMSS
2026-04-29T06:26:53.523Z	G:\Poze\Poze Huawei\IMG_20180202_104452.jpg	G:\Poze\2018\IMG_20180202_104452.jpg	IMG_20180202_104452.jpg	2018	pattern:IMG_YYYYMMDD_HHMMSS
2026-04-29T06:26:53.536Z	G:\Poze\Poze Huawei\IMG_20180202_104503.jpg	G:\Poze\2018\IMG_20180202_104503.jpg	IMG_20180202_104503.jpg	2018	pattern:IMG_YYYYMMDD_HHMMSS
2026-04-29T06:26:53.549Z	G:\Poze\Poze Huawei\IMG_20180202_104516.jpg	G:\Poze\2018\IMG_20180202_104516.jpg	IMG_20180202_104516.jpg	2018	pattern:IMG_YYYYMMDD_HHMMSS
2026-04-29T06:26:53.562Z	G:\Poze\Poze Huawei\IMG_20180202_104553.jpg	G:\Poze\2018\IMG_20180202_104553.jpg	IMG_20180202_104553.jpg	2018	pattern:IMG_YYYYMMDD_HHMMSS
2026-04-29T06:26:53.573Z	G:\Poze\Poze Huawei\IMG_20180202_104602.jpg	G:\Poze\2018\IMG_20180202_104602.jpg	IMG_20180202_104602.jpg	2018	pattern:IMG_YYYYMMDD_HHMMSS
2026-04-29T06:26:53.585Z	G:\Poze\Poze Huawei\IMG_20180202_104610.jpg	G:\Poze\2018\IMG_20180202_104610.jpg	IMG_20180202_104610.jpg	2018	pattern:IMG_YYYYMMDD_HHMMSS
2026-04-29T06:26:53.599Z	G:\Poze\Poze Huawei\IMG_20180202_104624.jpg	G:\Poze\2018\IMG_20180202_104624.jpg	IMG_20180202_104624.jpg	2018	pattern:IMG_YYYYMMDD_HHMMSS
2026-04-29T06:26:53.612Z	G:\Poze\Poze Huawei\IMG_20180202_104638.jpg	G:\Poze\2018\IMG_20180202_104638.jpg	IMG_20180202_104638.jpg	2018	pattern:IMG_YYYYMMDD_HHMMSS
2026-04-29T06:26:53.629Z	G:\Poze\Poze Huawei\IMG_20180202_104704.jpg	G:\Poze\2018\IMG_20180202_104704.jpg	IMG_20180202_104704.jpg	2018	pattern:IMG_YYYYMMDD_HHMMSS
2026-04-29T06:26:53.644Z	G:\Poze\Poze Huawei\IMG_20180202_104709.jpg	G:\Poze\2018\IMG_20180202_104709.jpg	IMG_20180202_104709.jpg	2018	pattern:IMG_YYYYMMDD_HHMMSS
2026-04-29T06:26:53.656Z	G:\Poze\Poze Huawei\IMG_20180202_104725.jpg	G:\Poze\2018\IMG_20180202_104725.jpg	IMG_20180202_104725.jpg	2018	pattern:IMG_YYYYMMDD_HHMMSS
2026-04-29T06:26:53.668Z	G:\Poze\Poze Huawei\IMG_20180202_104741.jpg	G:\Poze\2018\IMG_20180202_104741.jpg	IMG_20180202_104741.jpg	2018	pattern:IMG_YYYYMMDD_HHMMSS
2026-04-29T06:26:53.680Z	G:\Poze\Poze Huawei\IMG_20180202_104752.jpg	G:\Poze\2018\IMG_20180202_104752.jpg	IMG_20180202_104752.jpg	2018	pattern:IMG_YYYYMMDD_HHMMSS
2026-04-29T06:26:53.693Z	G:\Poze\Poze Huawei\IMG_20180202_104757.jpg	G:\Poze\2018\IMG_20180202_104757.jpg	IMG_20180202_104757.jpg	2018	pattern:IMG_YYYYMMDD_HHMMSS
2026-04-29T06:26:53.705Z	G:\Poze\Poze Huawei\IMG_20180207_093057.jpg	G:\Poze\2018\IMG_20180207_093057.jpg	IMG_20180207_093057.jpg	2018	pattern:IMG_YYYYMMDD_HHMMSS
2026-04-29T06:26:53.716Z	G:\Poze\Poze Huawei\IMG_20180207_093201.jpg	G:\Poze\2018\IMG_20180207_093201.jpg	IMG_20180207_093201.jpg	2018	pattern:IMG_YYYYMMDD_HHMMSS
2026-04-29T06:26:53.728Z	G:\Poze\Poze Huawei\IMG_20180207_093316.jpg	G:\Poze\2018\IMG_20180207_093316.jpg	IMG_20180207_093316.jpg	2018	pattern:IMG_YYYYMMDD_HHMMSS
# run end 2026-04-29T06:26:53.734Z moved=242 unresolved=0 failed=0 collisionSuffixed=0
