MOVED public/photos/trips/2025-04-czechia-poland-slovakia-austria/IMG20250413162629.jpg -> scripts/.removed-non-artistic/2025-04-czechia-poland-slovakia-austria/IMG20250413162629.jpg  top=0.9974 label="a machine gun or rifle or cannon"
MOVED public/photos/trips/2022-10-germany/IMG_20221022_120955484_HDR.jpg -> scripts/.removed-non-artistic/2022-10-germany/IMG_20221022_120955484_HDR.jpg  top=0.9842 label="a machine gun or rifle or cannon"
MOVED public/photos/trips/2026-03-balkans-roadtrip/IMG20260315003841.jpg -> scripts/.removed-non-artistic/2026-03-balkans-roadtrip/IMG20260315003841.jpg  top=0.9792 label="a screenshot of a chat application or web page"
MOVED public/photos/trips/2025-04-czechia-poland-slovakia-austria/IMG20250413162256.jpg -> scripts/.removed-non-artistic/2025-04-czechia-poland-slovakia-austria/IMG20250413162256.jpg  top=0.9725 label="a weapon or firearm or military gear"
MOVED public/photos/trips/2025-04-czechia-poland-slovakia-austria/IMG20250413161509.jpg -> scripts/.removed-non-artistic/2025-04-czechia-poland-slovakia-austria/IMG20250413161509.jpg  top=0.9162 label="a weapon or firearm or military gear"
MOVED public/photos/trips/2026-03-balkans-roadtrip/IMG20260324135856.jpg -> scripts/.removed-non-artistic/2026-03-balkans-roadtrip/IMG20260324135856.jpg  top=0.8877 label="items being sold or marketplace listing"
MOVED public/photos/trips/2025-04-czechia-poland-slovakia-austria/IMG20250414204538.jpg -> scripts/.removed-non-artistic/2025-04-czechia-poland-slovakia-austria/IMG20250414204538.jpg  top=0.8799 label="a piece of clothing on a hanger or in a closet"
MOVED public/photos/trips/2022-10-germany/IMG_20221021_121447359_HDR.jpg -> scripts/.removed-non-artistic/2022-10-germany/IMG_20221021_121447359_HDR.jpg  top=0.8753 label="indoor mundane domestic scene"
MOVED public/photos/trips/2024-09-albania-saranda/IMG20240924140038.jpg -> scripts/.removed-non-artistic/2024-09-albania-saranda/IMG20240924140038.jpg  top=0.8639 label="a machine gun or rifle or cannon"
MOVED public/photos/trips/2022-10-germany/IMG_0190.jpg -> scripts/.removed-non-artistic/2022-10-germany/IMG_0190.jpg  top=0.8146 label="a machine gun or rifle or cannon"
MOVED public/photos/trips/2022-10-germany/IMG_20221022_131638320.jpg -> scripts/.removed-non-artistic/2022-10-germany/IMG_20221022_131638320.jpg  top=0.752 label="a machine gun or rifle or cannon"
MOVED public/photos/trips/2022-10-germany/IMG_0227.jpg -> scripts/.removed-non-artistic/2022-10-germany/IMG_0227.jpg  top=0.7422 label="indoor mundane domestic scene"
MOVED public/photos/trips/2022-10-germany/20221021_120647.jpg -> scripts/.removed-non-artistic/2022-10-germany/20221021_120647.jpg  top=0.7413 label="a machine gun or rifle or cannon"
MOVED public/photos/trips/2022-10-germany/IMG_20221021_121644340_HDR.jpg -> scripts/.removed-non-artistic/2022-10-germany/IMG_20221021_121644340_HDR.jpg  top=0.7237 label="a machine gun or rifle or cannon"
MOVED public/photos/trips/2022-10-germany/IMG_0143.jpg -> scripts/.removed-non-artistic/2022-10-germany/IMG_0143.jpg  top=0.7041 label="a machine gun or rifle or cannon"
MOVED public/photos/trips/2022-10-germany/IMG_20221022_124225360_HDR.jpg -> scripts/.removed-non-artistic/2022-10-germany/IMG_20221022_124225360_HDR.jpg  top=0.6684 label="a weapon or firearm or military gear"
MOVED public/photos/trips/2025-04-czechia-poland-slovakia-austria/IMG20250413154619.jpg -> scripts/.removed-non-artistic/2025-04-czechia-poland-slovakia-austria/IMG20250413154619.jpg  top=0.6643 label="a weapon or firearm or military gear"
MOVED public/photos/trips/2019-07-luxembourg/IMG_20190730_140153.jpg -> scripts/.removed-non-artistic/2019-07-luxembourg/IMG_20190730_140153.jpg  top=0.6568 label="a weapon or firearm or military gear"
MOVED public/photos/trips/2022-10-germany/IMG_0124.jpg -> scripts/.removed-non-artistic/2022-10-germany/IMG_0124.jpg  top=0.6338 label="a machine gun or rifle or cannon"
MOVED public/photos/trips/2025-03-romania/IMG20250328203701.jpg -> scripts/.removed-non-artistic/2025-03-romania/IMG20250328203701.jpg  top=0.5723 label="a phone screenshot or computer interface"
MOVED public/photos/trips/2022-10-germany/IMG_0141.jpg -> scripts/.removed-non-artistic/2022-10-germany/IMG_0141.jpg  top=0.5479 label="a machine gun or rifle or cannon"
MOVED public/photos/trips/2022-10-germany/20221021_110855.jpg -> scripts/.removed-non-artistic/2022-10-germany/20221021_110855.jpg  top=0.5246 label="a piece of clothing on a hanger or in a closet"
MOVED public/photos/trips/2024-08-hungary-roadtrip/pexels-keszthely-balaton-speedboat-pier-12553574.jpg -> scripts/.removed-non-artistic/2024-08-hungary-roadtrip/pexels-keszthely-balaton-speedboat-pier-12553574.jpg  top=0.4936 label="a machine gun or rifle or cannon"
MOVED public/photos/trips/2022-12-romania/pexels-bucharest-snow-street-bicycle-953626.jpg -> scripts/.removed-non-artistic/2022-12-romania/pexels-bucharest-snow-street-bicycle-953626.jpg  top=0.4679 label="items being sold or marketplace listing"
MOVED public/photos/trips/2022-10-germany/IMG_20221021_183920675_HDR.jpg -> scripts/.removed-non-artistic/2022-10-germany/IMG_20221021_183920675_HDR.jpg  top=0.4607 label="an empty conference room or whiteboard"
MOVED public/photos/trips/2025-04-czechia-poland-slovakia-austria/IMG20250421174759.jpg -> scripts/.removed-non-artistic/2025-04-czechia-poland-slovakia-austria/IMG20250421174759.jpg  top=0.4469 label="an empty conference room or whiteboard"
MOVED public/photos/trips/2025-04-czechia-poland-slovakia-austria/IMG20250421190301.jpg -> scripts/.removed-non-artistic/2025-04-czechia-poland-slovakia-austria/IMG20250421190301.jpg  top=0.4313 label="a bedroom or hotel room or hallway interior"
MOVED public/photos/trips/2022-10-germany/20221021_100237.jpg -> scripts/.removed-non-artistic/2022-10-germany/20221021_100237.jpg  top=0.4062 label="a machine gun or rifle or cannon"
MOVED public/photos/trips/2022-08-denmark/pexels-billund-airport-airliner-11554593.jpg -> scripts/.removed-non-artistic/2022-08-denmark/pexels-billund-airport-airliner-11554593.jpg  top=0.3632 label="indoor mundane domestic scene"
MOVED public/photos/trips/2022-08-denmark/pexels-billund-airport-airliner-landing-11554593.jpg -> scripts/.removed-non-artistic/2022-08-denmark/pexels-billund-airport-airliner-landing-11554593.jpg  top=0.3446 label="indoor mundane domestic scene"
CATALOGUE entries 473 -> 443
ATTRIB drop: | `public/photos/trips/2022-08-denmark/pexels-billund-airport-airliner-11554593.jpg` | Billund Municipality, Denmark | [
ATTRIB drop: | `public/photos/trips/2022-12-romania/pexels-bucharest-snow-street-bicycle-953626.jpg` | Bucharest, Romania | [Dave Haa
ATTRIB drop: | `public/photos/trips/2022-08-denmark/pexels-billund-airport-airliner-landing-11554593.jpg` | Billund Municipality, Den
ATTRIB drop: | `public/photos/trips/2024-08-hungary-roadtrip/pexels-keszthely-balaton-speedboat-pier-12553574.jpg` | Keszthely, Hunga
